\BOOKMARK [1][-]{section.1}{Abstract}{}% 1
\BOOKMARK [1][-]{section.2}{Executive Summary}{}% 2
\BOOKMARK [1][-]{section.3}{Usage}{}% 3
\BOOKMARK [2][-]{subsection.3.1}{Build Procedure}{section.3}% 4
\BOOKMARK [2][-]{subsection.3.2}{Autotools}{section.3}% 5
\BOOKMARK [2][-]{subsection.3.3}{Coverage}{section.3}% 6
\BOOKMARK [2][-]{subsection.3.4}{Continuous Integration}{section.3}% 7
\BOOKMARK [2][-]{subsection.3.5}{Input Options}{section.3}% 8
\BOOKMARK [2][-]{subsection.3.6}{Verification Procedure}{section.3}% 9
\BOOKMARK [2][-]{subsection.3.7}{Verification Exercise}{section.3}% 10
\BOOKMARK [2][-]{subsection.3.8}{Performance Measures}{section.3}% 11
\BOOKMARK [1][-]{section.4}{Results}{}% 12
\BOOKMARK [2][-]{subsection.4.1}{2D Plot}{section.4}% 13
\BOOKMARK [2][-]{subsection.4.2}{1D Plot}{section.4}% 14
\BOOKMARK [1][-]{section.5}{Problem Setup}{}% 15
\BOOKMARK [2][-]{subsection.5.1}{Governing Equations}{section.5}% 16
\BOOKMARK [3][-]{subsubsection.5.1.1}{One Dimensional Case}{subsection.5.1}% 17
\BOOKMARK [3][-]{subsubsection.5.1.2}{Two Dimensional Case}{subsection.5.1}% 18
\BOOKMARK [2][-]{subsection.5.2}{Nomenclature}{section.5}% 19
\BOOKMARK [3][-]{subsubsection.5.2.1}{One Dimensional Case}{subsection.5.2}% 20
\BOOKMARK [3][-]{subsubsection.5.2.2}{Two Dimensional Case}{subsection.5.2}% 21
\BOOKMARK [2][-]{subsection.5.3}{Boundary Conditions}{section.5}% 22
\BOOKMARK [3][-]{subsubsection.5.3.1}{One Dimensional Case}{subsection.5.3}% 23
\BOOKMARK [3][-]{subsubsection.5.3.2}{Two Dimensional Case}{subsection.5.3}% 24
\BOOKMARK [2][-]{subsection.5.4}{Constitutive Inputs}{section.5}% 25
\BOOKMARK [3][-]{subsubsection.5.4.1}{One Dimensional Case}{subsection.5.4}% 26
\BOOKMARK [3][-]{subsubsection.5.4.2}{Two Dimensional Case}{subsection.5.4}% 27
\BOOKMARK [1][-]{section.6}{Assumptions}{}% 28
\BOOKMARK [2][-]{subsection.6.1}{One Dimensional Case}{section.6}% 29
\BOOKMARK [2][-]{subsection.6.2}{Two Dimensional Case}{section.6}% 30
\BOOKMARK [1][-]{section.7}{Numerics}{}% 31
\BOOKMARK [2][-]{subsection.7.1}{Finite Difference}{section.7}% 32
\BOOKMARK [3][-]{subsubsection.7.1.1}{One Dimensional Case}{subsection.7.1}% 33
\BOOKMARK [3][-]{subsubsection.7.1.2}{Two Dimensional Case}{subsection.7.1}% 34
\BOOKMARK [2][-]{subsection.7.2}{Meshing}{section.7}% 35
\BOOKMARK [3][-]{subsubsection.7.2.1}{General Notes}{subsection.7.2}% 36
\BOOKMARK [3][-]{subsubsection.7.2.2}{1D Problem}{subsection.7.2}% 37
\BOOKMARK [3][-]{subsubsection.7.2.3}{2D Problem}{subsection.7.2}% 38
\BOOKMARK [2][-]{subsection.7.3}{Linear System}{section.7}% 39
\BOOKMARK [3][-]{subsubsection.7.3.1}{1D Problem}{subsection.7.3}% 40
\BOOKMARK [3][-]{subsubsection.7.3.2}{2D Problem}{subsection.7.3}% 41
\BOOKMARK [2][-]{subsection.7.4}{Solvers}{section.7}% 42
\BOOKMARK [3][-]{subsubsection.7.4.1}{Jacobi}{subsection.7.4}% 43
\BOOKMARK [3][-]{subsubsection.7.4.2}{Gauss-Seidel}{subsection.7.4}% 44
\BOOKMARK [2][-]{subsection.7.5}{Memory Considerations}{section.7}% 45
\BOOKMARK [3][-]{subsubsection.7.5.1}{1D Problem}{subsection.7.5}% 46
\BOOKMARK [3][-]{subsubsection.7.5.2}{2D Problem}{subsection.7.5}% 47
