This is pdfTeX, Version 3.14159265-2.6-1.40.17 (MiKTeX 2.9.6200 64-bit) (preloaded format=pdflatex 2017.1.25)  15 DEC 2018 02:59
entering extended mode
**./proj2-model.tex
(proj2-model.tex
LaTeX2e <2016/03/31> patch level 3
Babel <3.9r> and hyphenation patterns for 76 language(s) loaded.

("C:\Users\potterst1\AppData\Local\Programs\MiKTeX 2.9\tex\latex\base\article.c
ls"
Document Class: article 2014/09/29 v1.4h Standard LaTeX document class

("C:\Users\potterst1\AppData\Local\Programs\MiKTeX 2.9\tex\latex\base\size12.cl
o"
File: size12.clo 2014/09/29 v1.4h Standard LaTeX file (size option)
)
\c@part=\count79
\c@section=\count80
\c@subsection=\count81
\c@subsubsection=\count82
\c@paragraph=\count83
\c@subparagraph=\count84
\c@figure=\count85
\c@table=\count86
\abovecaptionskip=\skip41
\belowcaptionskip=\skip42
\bibindent=\dimen102
)
("C:\Users\potterst1\AppData\Local\Programs\MiKTeX 2.9\tex\latex\psnfss\times.s
ty"
Package: times 2005/04/12 PSNFSS-v9.2a (SPQR) 
)
("C:\Users\potterst1\AppData\Local\Programs\MiKTeX 2.9\tex\latex\mdwtools\mdwli
st.sty"
Package: mdwlist 1996/05/02 1.1 Various list-related things
)
("C:\Users\potterst1\AppData\Local\Programs\MiKTeX 2.9\tex\latex\hyperref\hyper
ref.sty"
Package: hyperref 2016/06/24 v6.83q Hypertext links for LaTeX

("C:\Users\potterst1\AppData\Local\Programs\MiKTeX 2.9\tex\generic\oberdiek\hob
sub-hyperref.sty"
Package: hobsub-hyperref 2016/05/16 v1.14 Bundle oberdiek, subset hyperref (HO)


("C:\Users\potterst1\AppData\Local\Programs\MiKTeX 2.9\tex\generic\oberdiek\hob
sub-generic.sty"
Package: hobsub-generic 2016/05/16 v1.14 Bundle oberdiek, subset generic (HO)
Package: hobsub 2016/05/16 v1.14 Construct package bundles (HO)
Package: infwarerr 2016/05/16 v1.4 Providing info/warning/error messages (HO)
Package: ltxcmds 2016/05/16 v1.23 LaTeX kernel commands for general use (HO)
Package: ifluatex 2016/05/16 v1.4 Provides the ifluatex switch (HO)
Package ifluatex Info: LuaTeX not detected.
Package: ifvtex 2016/05/16 v1.6 Detect VTeX and its facilities (HO)
Package ifvtex Info: VTeX not detected.
Package: intcalc 2016/05/16 v1.2 Expandable calculations with integers (HO)
Package: ifpdf 2016/05/14 v3.1 Provides the ifpdf switch
Package: etexcmds 2016/05/16 v1.6 Avoid name clashes with e-TeX commands (HO)
Package etexcmds Info: Could not find \expanded.
(etexcmds)             That can mean that you are not using pdfTeX 1.50 or
(etexcmds)             that some package has redefined \expanded.
(etexcmds)             In the latter case, load this package earlier.
Package: kvsetkeys 2016/05/16 v1.17 Key value parser (HO)
Package: kvdefinekeys 2016/05/16 v1.4 Define keys (HO)
Package: pdftexcmds 2016/05/21 v0.22 Utility functions of pdfTeX for LuaTeX (HO
)
Package pdftexcmds Info: LuaTeX not detected.
Package pdftexcmds Info: \pdf@primitive is available.
Package pdftexcmds Info: \pdf@ifprimitive is available.
Package pdftexcmds Info: \pdfdraftmode found.
Package: pdfescape 2016/05/16 v1.14 Implements pdfTeX's escape features (HO)
Package: bigintcalc 2016/05/16 v1.4 Expandable calculations on big integers (HO
)
Package: bitset 2016/05/16 v1.2 Handle bit-vector datatype (HO)
Package: uniquecounter 2016/05/16 v1.3 Provide unlimited unique counter (HO)
)
Package hobsub Info: Skipping package `hobsub' (already loaded).
Package: letltxmacro 2016/05/16 v1.5 Let assignment for LaTeX macros (HO)
Package: hopatch 2016/05/16 v1.3 Wrapper for package hooks (HO)
Package: xcolor-patch 2016/05/16 xcolor patch
Package: atveryend 2016/05/16 v1.9 Hooks at the very end of document (HO)
Package atveryend Info: \enddocument detected (standard20110627).
Package: atbegshi 2016/06/09 v1.18 At begin shipout hook (HO)
Package: refcount 2016/05/16 v3.5 Data extraction from label references (HO)
Package: hycolor 2016/05/16 v1.8 Color options for hyperref/bookmark (HO)
)
("C:\Users\potterst1\AppData\Local\Programs\MiKTeX 2.9\tex\latex\graphics\keyva
l.sty"
Package: keyval 2014/10/28 v1.15 key=value parser (DPC)
\KV@toks@=\toks14
)
("C:\Users\potterst1\AppData\Local\Programs\MiKTeX 2.9\tex\generic\ifxetex\ifxe
tex.sty"
Package: ifxetex 2010/09/12 v0.6 Provides ifxetex conditional
)
("C:\Users\potterst1\AppData\Local\Programs\MiKTeX 2.9\tex\latex\oberdiek\auxho
ok.sty"
Package: auxhook 2016/05/16 v1.4 Hooks for auxiliary files (HO)
)
("C:\Users\potterst1\AppData\Local\Programs\MiKTeX 2.9\tex\latex\oberdiek\kvopt
ions.sty"
Package: kvoptions 2016/05/16 v3.12 Key value format for package options (HO)
)
\@linkdim=\dimen103
\Hy@linkcounter=\count87
\Hy@pagecounter=\count88

("C:\Users\potterst1\AppData\Local\Programs\MiKTeX 2.9\tex\latex\hyperref\pd1en
c.def"
File: pd1enc.def 2016/06/24 v6.83q Hyperref: PDFDocEncoding definition (HO)
)
\Hy@SavedSpaceFactor=\count89

("C:\Users\potterst1\AppData\Local\Programs\MiKTeX 2.9\tex\latex\00miktex\hyper
ref.cfg"
File: hyperref.cfg 2002/06/06 v1.2 hyperref configuration of TeXLive
)
Package hyperref Info: Hyper figures OFF on input line 4486.
Package hyperref Info: Link nesting OFF on input line 4491.
Package hyperref Info: Hyper index ON on input line 4494.
Package hyperref Info: Plain pages OFF on input line 4501.
Package hyperref Info: Backreferencing OFF on input line 4506.
Package hyperref Info: Implicit mode ON; LaTeX internals redefined.
Package hyperref Info: Bookmarks ON on input line 4735.
\c@Hy@tempcnt=\count90

("C:\Users\potterst1\AppData\Local\Programs\MiKTeX 2.9\tex\latex\url\url.sty"
\Urlmuskip=\muskip10
Package: url 2013/09/16  ver 3.4  Verb mode for urls, etc.
)
LaTeX Info: Redefining \url on input line 5088.
\XeTeXLinkMargin=\dimen104
\Fld@menulength=\count91
\Field@Width=\dimen105
\Fld@charsize=\dimen106
Package hyperref Info: Hyper figures OFF on input line 6342.
Package hyperref Info: Link nesting OFF on input line 6347.
Package hyperref Info: Hyper index ON on input line 6350.
Package hyperref Info: backreferencing OFF on input line 6357.
Package hyperref Info: Link coloring OFF on input line 6362.
Package hyperref Info: Link coloring with OCG OFF on input line 6367.
Package hyperref Info: PDF/A mode OFF on input line 6372.
LaTeX Info: Redefining \ref on input line 6412.
LaTeX Info: Redefining \pageref on input line 6416.
\Hy@abspage=\count92
\c@Item=\count93
\c@Hfootnote=\count94
)

Package hyperref Message: Driver (autodetected): hpdftex.


("C:\Users\potterst1\AppData\Local\Programs\MiKTeX 2.9\tex\latex\hyperref\hpdft
ex.def"
File: hpdftex.def 2016/06/24 v6.83q Hyperref driver for pdfTeX
\Fld@listcount=\count95
\c@bookmark@seq@number=\count96

("C:\Users\potterst1\AppData\Local\Programs\MiKTeX 2.9\tex\latex\oberdiek\rerun
filecheck.sty"
Package: rerunfilecheck 2016/05/16 v1.8 Rerun checks for auxiliary files (HO)
Package uniquecounter Info: New unique counter `rerunfilecheck' on input line 2
82.
)
\Hy@SectionHShift=\skip43
)
("C:\Users\potterst1\AppData\Local\Programs\MiKTeX 2.9\tex\latex\tools\array.st
y"
Package: array 2014/10/28 v2.4c Tabular extension package (FMi)
\col@sep=\dimen107
\extrarowheight=\dimen108
\NC@list=\toks15
\extratabsurround=\skip44
\backup@length=\skip45
)
("C:\Users\potterst1\AppData\Local\Programs\MiKTeX 2.9\tex\latex\tools\multicol
.sty"
Package: multicol 2016/04/07 v1.8p multicolumn formatting (FMi)
\c@tracingmulticols=\count97
\mult@box=\box26
\multicol@leftmargin=\dimen109
\c@unbalance=\count98
\c@collectmore=\count99
\doublecol@number=\count100
\multicoltolerance=\count101
\multicolpretolerance=\count102
\full@width=\dimen110
\page@free=\dimen111
\premulticols=\dimen112
\postmulticols=\dimen113
\multicolsep=\skip46
\multicolbaselineskip=\skip47
\partial@page=\box27
\last@line=\box28
\maxbalancingoverflow=\dimen114
\mult@rightbox=\box29
\mult@grightbox=\box30
\mult@gfirstbox=\box31
\mult@firstbox=\box32
\@tempa=\box33
\@tempa=\box34
\@tempa=\box35
\@tempa=\box36
\@tempa=\box37
\@tempa=\box38
\@tempa=\box39
\@tempa=\box40
\@tempa=\box41
\@tempa=\box42
\@tempa=\box43
\@tempa=\box44
\@tempa=\box45
\@tempa=\box46
\@tempa=\box47
\@tempa=\box48
\@tempa=\box49
\c@columnbadness=\count103
\c@finalcolumnbadness=\count104
\last@try=\dimen115
\multicolovershoot=\dimen116
\multicolundershoot=\dimen117
\mult@nat@firstbox=\box50
\colbreak@box=\box51
\mc@col@check@num=\count105
)
("C:\Users\potterst1\AppData\Local\Programs\MiKTeX 2.9\tex\latex\multirow\multi
row.sty"
Package: multirow 2016/11/25 v2.2 Span multiple rows of a table
\multirow@colwidth=\skip48
\multirow@cntb=\count106
\multirow@dima=\skip49
\bigstrutjot=\dimen118
)
("C:\Users\potterst1\AppData\Local\Programs\MiKTeX 2.9\tex\latex\enumitem\enumi
tem.sty"
Package: enumitem 2011/09/28 v3.5.2 Customized lists
\labelindent=\skip50
\enit@outerparindent=\dimen119
\enit@toks=\toks16
\enit@inbox=\box52
\enitdp@description=\count107
)
("C:\Users\potterst1\AppData\Local\Programs\MiKTeX 2.9\tex\latex\graphics\graph
icx.sty"
Package: graphicx 2014/10/28 v1.0g Enhanced LaTeX Graphics (DPC,SPQR)

("C:\Users\potterst1\AppData\Local\Programs\MiKTeX 2.9\tex\latex\graphics\graph
ics.sty"
Package: graphics 2016/07/10 v1.0t Standard LaTeX Graphics (DPC,SPQR)

("C:\Users\potterst1\AppData\Local\Programs\MiKTeX 2.9\tex\latex\graphics\trig.
sty"
Package: trig 2016/01/03 v1.10 sin cos tan (DPC)
)
("C:\Users\potterst1\AppData\Local\Programs\MiKTeX 2.9\tex\latex\graphics-cfg\g
raphics.cfg"
File: graphics.cfg 2016/06/04 v1.11 sample graphics configuration
)
Package graphics Info: Driver file: pdftex.def on input line 99.

("C:\Users\potterst1\AppData\Local\Programs\MiKTeX 2.9\tex\latex\graphics-def\p
dftex.def"
File: pdftex.def 2016/07/10 v0.06j Graphics/color for pdfTeX
\Gread@gobject=\count108
))
\Gin@req@height=\dimen120
\Gin@req@width=\dimen121
)
("C:\Users\potterst1\AppData\Local\Programs\MiKTeX 2.9\tex\latex\amsmath\amsmat
h.sty"
Package: amsmath 2016/06/28 v2.15d AMS math features
\@mathmargin=\skip51

For additional information on amsmath, use the `?' option.

("C:\Users\potterst1\AppData\Local\Programs\MiKTeX 2.9\tex\latex\amsmath\amstex
t.sty"
Package: amstext 2000/06/29 v2.01 AMS text

("C:\Users\potterst1\AppData\Local\Programs\MiKTeX 2.9\tex\latex\amsmath\amsgen
.sty"
File: amsgen.sty 1999/11/30 v2.0 generic functions
\@emptytoks=\toks17
\ex@=\dimen122
))
("C:\Users\potterst1\AppData\Local\Programs\MiKTeX 2.9\tex\latex\amsmath\amsbsy
.sty"
Package: amsbsy 1999/11/29 v1.2d Bold Symbols
\pmbraise@=\dimen123
)
("C:\Users\potterst1\AppData\Local\Programs\MiKTeX 2.9\tex\latex\amsmath\amsopn
.sty"
Package: amsopn 2016/03/08 v2.02 operator names
)
\inf@bad=\count109
LaTeX Info: Redefining \frac on input line 199.
\uproot@=\count110
\leftroot@=\count111
LaTeX Info: Redefining \overline on input line 297.
\classnum@=\count112
\DOTSCASE@=\count113
LaTeX Info: Redefining \ldots on input line 394.
LaTeX Info: Redefining \dots on input line 397.
LaTeX Info: Redefining \cdots on input line 518.
\Mathstrutbox@=\box53
\strutbox@=\box54
\big@size=\dimen124
LaTeX Font Info:    Redeclaring font encoding OML on input line 634.
LaTeX Font Info:    Redeclaring font encoding OMS on input line 635.
\macc@depth=\count114
\c@MaxMatrixCols=\count115
\dotsspace@=\muskip11
\c@parentequation=\count116
\dspbrk@lvl=\count117
\tag@help=\toks18
\row@=\count118
\column@=\count119
\maxfields@=\count120
\andhelp@=\toks19
\eqnshift@=\dimen125
\alignsep@=\dimen126
\tagshift@=\dimen127
\tagwidth@=\dimen128
\totwidth@=\dimen129
\lineht@=\dimen130
\@envbody=\toks20
\multlinegap=\skip52
\multlinetaggap=\skip53
\mathdisplay@stack=\toks21
LaTeX Info: Redefining \[ on input line 2739.
LaTeX Info: Redefining \] on input line 2740.
)
("C:\Users\potterst1\AppData\Local\Programs\MiKTeX 2.9\tex\latex\amsfonts\amsfo
nts.sty"
Package: amsfonts 2013/01/14 v3.01 Basic AMSFonts support
\symAMSa=\mathgroup4
\symAMSb=\mathgroup5
LaTeX Font Info:    Overwriting math alphabet `\mathfrak' in version `bold'
(Font)                  U/euf/m/n --> U/euf/b/n on input line 106.
)
("C:\Users\potterst1\AppData\Local\Programs\MiKTeX 2.9\tex\latex\algorithm2e\al
gorithm2e.sty"
Package: algorithm2e 2013/01/06 v5.00 algorithms environments
\c@AlgoLine=\count121

("C:\Users\potterst1\AppData\Local\Programs\MiKTeX 2.9\tex\latex\base\ifthen.st
y"
Package: ifthen 2014/09/29 v1.1c Standard LaTeX ifthen package (DPC)
)
\algocf@hangindent=\skip54

("C:\Users\potterst1\AppData\Local\Programs\MiKTeX 2.9\tex\latex\tools\xspace.s
ty"
Package: xspace 2014/10/28 v1.13 Space after command names (DPC,MH)
)
("C:\Users\potterst1\AppData\Local\Programs\MiKTeX 2.9\tex\latex\ltxmisc\relsiz
e.sty"
Package: relsize 2003/07/04 ver 3.1
)
********************************************************
Package `algorithm2e' Release 5.1 -- october 19 2015 --
- algorithm2e-announce@lirmm.fr mailing list for announcement about releases
- algorithm2e-discussion@lirmm.fr mailing list for discussion about package
subscribe by emailing sympa@lirmm.fr with 'subscribe <list> <firstname name>'
- Author: Christophe Fiorio (christophe.fiorio@umontpellier.fr)
********************************************************
\skiptotal=\skip55
\skiplinenumber=\skip56
\skiprule=\skip57
\skiphlne=\skip58
\skiptext=\skip59
\skiplength=\skip60
\algomargin=\skip61
\skipalgocfslide=\skip62
\algowidth=\dimen131
\inoutsize=\dimen132
\inoutindent=\dimen133
\interspacetitleruled=\dimen134
\interspacealgoruled=\dimen135
\interspacetitleboxruled=\dimen136
\algocf@ruledwidth=\skip63
\algocf@inoutbox=\box55
\algocf@inputbox=\box56
\AlCapSkip=\skip64
\AlCapHSkip=\skip65
\algoskipindent=\skip66
\algocf@nlbox=\box57
\algocf@hangingbox=\box58
\algocf@untilbox=\box59
\algocf@skipuntil=\skip67
\algocf@capbox=\box60
\algoheightruledefault=\skip68
\algoheightrule=\skip69
\algotitleheightruledefault=\skip70
\algotitleheightrule=\skip71
\c@algocfline=\count122
\c@algocfproc=\count123
\c@algocf=\count124
\algocf@algoframe=\box61
\algocf@algobox=\box62
)
("C:\Users\potterst1\AppData\Local\Programs\MiKTeX 2.9\tex\latex\ltxmisc\parski
p.sty"
Package: parskip 2001/04/09 non-zero parskip adjustments
)
("C:\Users\potterst1\AppData\Local\Programs\MiKTeX 2.9\tex\latex\tools\verbatim
.sty"
Package: verbatim 2014/10/28 v1.5q LaTeX2e package for verbatim enhancements
\every@verbatim=\toks22
\verbatim@line=\toks23
\verbatim@in@stream=\read1
)
Package hyperref Info: Option `colorlinks' set `true' on input line 24.
 (proj2-model.aux)
\openout1 = `proj2-model.aux'.

LaTeX Font Info:    Checking defaults for OML/cmm/m/it on input line 31.
LaTeX Font Info:    ... okay on input line 31.
LaTeX Font Info:    Checking defaults for T1/cmr/m/n on input line 31.
LaTeX Font Info:    ... okay on input line 31.
LaTeX Font Info:    Checking defaults for OT1/cmr/m/n on input line 31.
LaTeX Font Info:    ... okay on input line 31.
LaTeX Font Info:    Checking defaults for OMS/cmsy/m/n on input line 31.
LaTeX Font Info:    ... okay on input line 31.
LaTeX Font Info:    Checking defaults for OMX/cmex/m/n on input line 31.
LaTeX Font Info:    ... okay on input line 31.
LaTeX Font Info:    Checking defaults for U/cmr/m/n on input line 31.
LaTeX Font Info:    ... okay on input line 31.
LaTeX Font Info:    Checking defaults for PD1/pdf/m/n on input line 31.
LaTeX Font Info:    ... okay on input line 31.
LaTeX Font Info:    Try loading font information for OT1+ptm on input line 31.

("C:\Users\potterst1\AppData\Local\Programs\MiKTeX 2.9\tex\latex\psnfss\ot1ptm.
fd"
File: ot1ptm.fd 2001/06/04 font definitions for OT1/ptm.
)
\AtBeginShipoutBox=\box63

("C:\Users\potterst1\AppData\Local\Programs\MiKTeX 2.9\tex\latex\graphics\color
.sty"
Package: color 2016/07/10 v1.1e Standard LaTeX Color (DPC)

("C:\Users\potterst1\AppData\Local\Programs\MiKTeX 2.9\tex\latex\graphics-cfg\c
olor.cfg"
File: color.cfg 2016/01/02 v1.6 sample color configuration
)
Package color Info: Driver file: pdftex.def on input line 147.
)
Package hyperref Info: Link coloring ON on input line 31.

("C:\Users\potterst1\AppData\Local\Programs\MiKTeX 2.9\tex\latex\hyperref\namer
ef.sty"
Package: nameref 2016/05/21 v2.44 Cross-referencing by name of section

("C:\Users\potterst1\AppData\Local\Programs\MiKTeX 2.9\tex\generic\oberdiek\get
titlestring.sty"
Package: gettitlestring 2016/05/16 v1.5 Cleanup title references (HO)
)
\c@section@level=\count125
)
LaTeX Info: Redefining \ref on input line 31.
LaTeX Info: Redefining \pageref on input line 31.
LaTeX Info: Redefining \nameref on input line 31.
 (proj2-model.out) (proj2-model.out)
\@outlinefile=\write3
\openout3 = `proj2-model.out'.


("C:\Users\potterst1\AppData\Local\Programs\MiKTeX 2.9\tex\context\base\supp-pd
f.mkii"
[Loading MPS to PDF converter (version 2006.09.02).]
\scratchcounter=\count126
\scratchdimen=\dimen137
\scratchbox=\box64
\nofMPsegments=\count127
\nofMParguments=\count128
\everyMPshowfont=\toks24
\MPscratchCnt=\count129
\MPscratchDim=\dimen138
\MPnumerator=\count130
\makeMPintoPDFobject=\count131
\everyMPtoPDFconversion=\toks25
)
("C:\Users\potterst1\AppData\Local\Programs\MiKTeX 2.9\tex\latex\oberdiek\epsto
pdf-base.sty"
Package: epstopdf-base 2016/05/15 v2.6 Base part for package epstopdf

("C:\Users\potterst1\AppData\Local\Programs\MiKTeX 2.9\tex\latex\oberdiek\grfex
t.sty"
Package: grfext 2016/05/16 v1.2 Manage graphics extensions (HO)
)
Package epstopdf-base Info: Redefining graphics rule for `.eps' on input line 4
38.
Package grfext Info: Graphics extension search list:
(grfext)             [.png,.pdf,.jpg,.mps,.jpeg,.jbig2,.jb2,.PNG,.PDF,.JPG,.JPE
G,.JBIG2,.JB2,.eps]
(grfext)             \AppendGraphicsExtensions on input line 456.
)
LaTeX Font Info:    Try loading font information for U+msa on input line 34.

("C:\Users\potterst1\AppData\Local\Programs\MiKTeX 2.9\tex\latex\amsfonts\umsa.
fd"
File: umsa.fd 2013/01/14 v3.01 AMS symbols A
)
LaTeX Font Info:    Try loading font information for U+msb on input line 34.

("C:\Users\potterst1\AppData\Local\Programs\MiKTeX 2.9\tex\latex\amsfonts\umsb.
fd"
File: umsb.fd 2013/01/14 v3.01 AMS symbols B
)
LaTeX Font Info:    Font shape `OT1/ptm/bx/n' in size <17.28> not available
(Font)              Font shape `OT1/ptm/b/n' tried instead on input line 35.
 (proj2-model.toc
LaTeX Font Info:    Font shape `OT1/ptm/bx/n' in size <12> not available
(Font)              Font shape `OT1/ptm/b/n' tried instead on input line 1.
 [1

{C:/Users/potterst1/AppData/Local/MiKTeX/2.9/pdftex/config/pdftex.map}])
\tf@toc=\write4
\openout4 = `proj2-model.toc'.

LaTeX Font Info:    Try loading font information for OT1+pcr on input line 41.

("C:\Users\potterst1\AppData\Local\Programs\MiKTeX 2.9\tex\latex\psnfss\ot1pcr.
fd"
File: ot1pcr.fd 2001/06/04 font definitions for OT1/pcr.
)
LaTeX Font Info:    Font shape `OT1/ptm/bx/n' in size <14.4> not available
(Font)              Font shape `OT1/ptm/b/n' tried instead on input line 46.
 [2] [3] <coverage.png, id=256, 1144.275pt x 177.66376pt>
File: coverage.png Graphic file (type png)

<use coverage.png>
Package pdftex.def Info: coverage.png used on input line 83.
(pdftex.def)             Requested size: 469.75499pt x 72.93477pt.
 <Travis.png, id=259, 908.193pt x 204.765pt>
File: Travis.png Graphic file (type png)

<use Travis.png>
Package pdftex.def Info: Travis.png used on input line 93.
(pdftex.def)             Requested size: 469.75499pt x 105.91287pt.


LaTeX Warning: `h' float specifier changed to `ht'.

[4 <./coverage.png> <./Travis.png>] <1d2nd.PNG, id=271, 578.16pt x 397.485pt>
File: 1d2nd.PNG Graphic file (type png)

<use 1d2nd.PNG>
Package pdftex.def Info: 1d2nd.PNG used on input line 137.
(pdftex.def)             Requested size: 469.75499pt x 322.95576pt.


LaTeX Warning: `h' float specifier changed to `ht'.

<1d4th.PNG, id=272, 578.16pt x 397.485pt>
File: 1d4th.PNG Graphic file (type png)
 <use 1d4th.PNG>
Package pdftex.def Info: 1d4th.PNG used on input line 144.
(pdftex.def)             Requested size: 469.75499pt x 322.95576pt.


LaTeX Warning: `h' float specifier changed to `ht'.

<2d2nd.PNG, id=273, 578.16pt x 397.485pt>
File: 2d2nd.PNG Graphic file (type png)
 <use 2d2nd.PNG>
Package pdftex.def Info: 2d2nd.PNG used on input line 151.
(pdftex.def)             Requested size: 469.75499pt x 322.95576pt.


LaTeX Warning: `h' float specifier changed to `ht'.

[5]

LaTeX Warning: `h' float specifier changed to `ht'.

[6 <./1d2nd.PNG>] <2dplot.PNG, id=294, 435.42674pt x 357.13425pt>
File: 2dplot.PNG Graphic file (type png)

<use 2dplot.PNG>
Package pdftex.def Info: 2dplot.PNG used on input line 193.
(pdftex.def)             Requested size: 375.80542pt x 308.2466pt.


LaTeX Warning: `h' float specifier changed to `ht'.

<1d4th_soln.png, id=295, 578.16pt x 397.485pt>
File: 1d4th_soln.png Graphic file (type png)
 <use 1d4th_soln.png>
Package pdftex.def Info: 1d4th_soln.png used on input line 203.
(pdftex.def)             Requested size: 469.75499pt x 322.95576pt.


LaTeX Warning: `h' float specifier changed to `ht'.

[7 <./1d4th.PNG>]
LaTeX Font Info:    Try loading font information for OMS+ptm on input line 224.


("C:\Users\potterst1\AppData\Local\Programs\MiKTeX 2.9\tex\latex\psnfss\omsptm.
fd"
File: omsptm.fd 
)
LaTeX Font Info:    Font shape `OMS/ptm/m/n' in size <12> not available
(Font)              Font shape `OMS/cmsy/m/n' tried instead on input line 224.
 [8 <./2d2nd.PNG>] [9 <./2dplot.PNG>] [10 <./1d4th_soln.png>] [11] [12]
<1D_Mesh.PNG, id=340, 597.432pt x 332.442pt>
File: 1D_Mesh.PNG Graphic file (type png)
 <use 1D_Mesh.PNG>
Package pdftex.def Info: 1D_Mesh.PNG used on input line 327.
(pdftex.def)             Requested size: 469.75499pt x 261.40378pt.


LaTeX Warning: `h' float specifier changed to `ht'.

<2D_Mesh.PNG, id=342, 749.80125pt x 332.442pt>
File: 2D_Mesh.PNG Graphic file (type png)
 <use 2D_Mesh.PNG>
Package pdftex.def Info: 2D_Mesh.PNG used on input line 336.
(pdftex.def)             Requested size: 469.75499pt x 208.27792pt.


LaTeX Warning: `h' float specifier changed to `ht'.

<2D_Stencil.PNG, id=344, 728.7225pt x 397.485pt>
File: 2D_Stencil.PNG Graphic file (type png)
 <use 2D_Stencil.PNG>
Package pdftex.def Info: 2D_Stencil.PNG used on input line 345.
(pdftex.def)             Requested size: 469.75499pt x 256.22726pt.


LaTeX Warning: `h' float specifier changed to `ht'.

[13] <oned_sparse_2.png, id=362, 462.528pt x 346.896pt>
File: oned_sparse_2.png Graphic file (type png)

<use oned_sparse_2.png>
Package pdftex.def Info: oned_sparse_2.png used on input line 387.
(pdftex.def)             Requested size: 422.77661pt x 317.09972pt.


LaTeX Warning: `h' float specifier changed to `ht'.


Overfull \hbox (14.36665pt too wide) in paragraph at lines 402--402
[] 
 []

[14 <./1D_Mesh.PNG>] [15 <./2D_Mesh.PNG>]
<oned_sparse_4.png, id=377, 462.528pt x 346.896pt>
File: oned_sparse_4.png Graphic file (type png)
 <use oned_sparse_4.png>
Package pdftex.def Info: oned_sparse_4.png used on input line 436.
(pdftex.def)             Requested size: 422.77661pt x 317.09972pt.


LaTeX Warning: `h' float specifier changed to `ht'.

[16 <./2D_Stencil.PNG>] [17 <./oned_sparse_2.png>]
Overfull \vbox (1.46822pt too high) has occurred while \output is active []


[18 <./oned_sparse_4.png>] <twod_sparse_2.png, id=396, 462.528pt x 346.896pt>
File: twod_sparse_2.png Graphic file (type png)

<use twod_sparse_2.png>
Package pdftex.def Info: twod_sparse_2.png used on input line 498.
(pdftex.def)             Requested size: 422.77661pt x 317.09972pt.


LaTeX Warning: `h' float specifier changed to `ht'.


Overfull \hbox (3.34471pt too wide) detected at line 526
\OML/cmm/m/it/12 A \OT1/cmr/m/n/12 = [] \OML/cmm/m/it/12 S \OMS/cmsy/m/n/12 2 \
U/msb/m/n/12 R[] \OT1/cmr/m/n/12 = []
 []

[19] <twod_sparse_4.png, id=404, 462.528pt x 346.896pt>
File: twod_sparse_4.png Graphic file (type png)

<use twod_sparse_4.png>
Package pdftex.def Info: twod_sparse_4.png used on input line 552.
(pdftex.def)             Requested size: 422.77661pt x 317.09972pt.
 [20 <./twod_sparse_2.png>] [21 <./twod_sparse_4.png>]
[22]
Package atveryend Info: Empty hook `BeforeClearDocument' on input line 636.
 [23]
Package atveryend Info: Empty hook `AfterLastShipout' on input line 636.
 (proj2-model.aux)
Package atveryend Info: Executing hook `AtVeryEndDocument' on input line 636.
Package atveryend Info: Executing hook `AtEndAfterFileList' on input line 636.
Package rerunfilecheck Info: File `proj2-model.out' has not changed.
(rerunfilecheck)             Checksum: EBAD19887DF5A930DD37ACAD48CA7AC9;3158.


LaTeX Warning: Label(s) may have changed. Rerun to get cross-references right.

Package atveryend Info: Empty hook `AtVeryVeryEnd' on input line 636.
 )
(\end occurred inside a group at level 1)

### simple group (level 1) entered at line 1061 ({)
### bottom level 
Here is how much of TeX's memory you used:
 7647 strings out of 493329
 115701 string characters out of 3128226
 234963 words of memory out of 3000000
 10954 multiletter control sequences out of 15000+200000
 24237 words of font info for 62 fonts, out of 3000000 for 9000
 1141 hyphenation exceptions out of 8191
 29i,20n,30p,817b,2247s stack positions out of 5000i,500n,10000p,200000b,50000s
{C:/Users/potterst1/AppData/Local/Programs/MiKTeX 2.9/fonts/enc
/dvips/base/8r.enc}<C:/Users/potterst1/AppData/Local/Programs/MiKTeX 2.9/fonts/
type1/public/amsfonts/cm/cmex10.pfb><C:/Users/potterst1/AppData/Local/Programs/
MiKTeX 2.9/fonts/type1/public/amsfonts/cm/cmmi12.pfb><C:/Users/potterst1/AppDat
a/Local/Programs/MiKTeX 2.9/fonts/type1/public/amsfonts/cm/cmmi6.pfb><C:/Users/
potterst1/AppData/Local/Programs/MiKTeX 2.9/fonts/type1/public/amsfonts/cm/cmmi
8.pfb><C:/Users/potterst1/AppData/Local/Programs/MiKTeX 2.9/fonts/type1/public/
amsfonts/cm/cmr12.pfb><C:/Users/potterst1/AppData/Local/Programs/MiKTeX 2.9/fon
ts/type1/public/amsfonts/cm/cmr6.pfb><C:/Users/potterst1/AppData/Local/Programs
/MiKTeX 2.9/fonts/type1/public/amsfonts/cm/cmr8.pfb><C:/Users/potterst1/AppData
/Local/Programs/MiKTeX 2.9/fonts/type1/public/amsfonts/cm/cmsy10.pfb><C:/Users/
potterst1/AppData/Local/Programs/MiKTeX 2.9/fonts/type1/public/amsfonts/cm/cmsy
8.pfb><C:/Users/potterst1/AppData/Local/Programs/MiKTeX 2.9/fonts/type1/public/
amsfonts/symbols/msbm10.pfb><C:/Users/potterst1/AppData/Local/Programs/MiKTeX 2
.9/fonts/type1/urw/courier/ucrr8a.pfb><C:/Users/potterst1/AppData/Local/Program
s/MiKTeX 2.9/fonts/type1/urw/times/utmb8a.pfb><C:/Users/potterst1/AppData/Local
/Programs/MiKTeX 2.9/fonts/type1/urw/times/utmr8a.pfb><C:/Users/potterst1/AppDa
ta/Local/Programs/MiKTeX 2.9/fonts/type1/urw/times/utmri8a.pfb>
Output written on proj2-model.pdf (23 pages, 557054 bytes).
PDF statistics:
 498 PDF objects out of 1000 (max. 8388607)
 108 named destinations out of 1000 (max. 500000)
 447 words of extra memory for PDF output out of 10000 (max. 10000000)

